<?xml version="1.0" encoding="UTF-8"?>
<!-- Generated by org.testng.reporters.JUnitReportReporter -->
<testsuite hostname="ImranFamilyLapo" failures="0" tests="1" name="javaproblemstest.TestStringCharacters" time="0.063" errors="0" timestamp="2025-06-04T09:33:53 AEST" skipped="0">
  <testcase classname="javaproblemstest.TestStringCharacters" name="testStringCharacters" time="0.063"/>
</testsuite> <!-- javaproblemstest.TestStringCharacters -->
