<?xml version="1.0" encoding="UTF-8"?>
<!-- Generated by org.testng.reporters.JUnitReportReporter -->
<testsuite hostname="ImranFamilyLapo" failures="0" tests="1" name="javaproblemstest.TestReverseString" time="0.073" errors="0" timestamp="2025-05-19T18:51:09 AEST" skipped="0">
  <testcase classname="javaproblemstest.TestReverseString" name="testReverseString" time="0.073"/>
</testsuite> <!-- javaproblemstest.TestReverseString -->
