<?xml version="1.0" encoding="UTF-8"?>
<!-- Generated by org.testng.reporters.JUnitReportReporter -->
<testsuite hostname="ImranFamilyLapo" failures="0" tests="1" name="tests.LoginTest" time="7.075" errors="0" timestamp="2025-06-11T13:26:50 AEST" skipped="0">
  <testcase classname="tests.LoginTest" name="validLogin" time="7.075"/>
</testsuite> <!-- tests.LoginTest -->
