<?xml version="1.0" encoding="UTF-8"?>
<!-- Generated by org.testng.reporters.JUnitReportReporter -->
<testsuite hostname="ImranFamilyLapo" failures="0" tests="1" name="tests.LoginTest" time="6.842" errors="0" timestamp="2025-05-17T19:12:41 AEST" skipped="0">
  <testcase classname="tests.LoginTest" name="validLogin" time="6.842"/>
</testsuite> <!-- tests.LoginTest -->
