<?xml version="1.0" encoding="UTF-8"?>
<!-- Generated by org.testng.reporters.JUnitReportReporter -->
<testsuite hostname="ImranFamilyLapo" failures="0" tests="2" name="tests.LoginTest" time="11.994" errors="0" timestamp="2025-06-12T21:32:14 AEST" skipped="0">
  <testcase classname="tests.LoginTest" name="isDahboardDisplay" time="7.085"/>
  <testcase classname="tests.LoginTest" name="validLogin" time="4.909"/>
</testsuite> <!-- tests.LoginTest -->
